#
# There is insufficient memory for the Java Runtime Environment to continue.
# Native memory allocation (mmap) failed to map 134217728 bytes for Failed to commit area from 0x0000000081200000 to 0x0000000089200000 of length 134217728.
# Possible reasons:
#   The system is out of physical RAM or swap space
#   The process is running with CompressedOops enabled, and the Java Heap may be blocking the growth of the native heap
# Possible solutions:
#   Reduce memory load on the system
#   Increase physical memory or swap space
#   Check if swap backing store is full
#   Decrease Java heap size (-Xmx/-Xms)
#   Decrease number of Java threads
#   Decrease Java thread stack sizes (-Xss)
#   Set larger code cache with -XX:ReservedCodeCacheSize=
# This output file may be truncated or incomplete.
#
#  Out of Memory Error (t:/workspace/open/src/hotspot/os/windows/os_windows.cpp:3269), pid=17708, tid=16440
#
# JRE version:  (11.0.2+9) (build )
# Java VM: Java HotSpot(TM) 64-Bit Server VM (11.0.2+9-LTS, mixed mode, aot, sharing, tiered, compressed oops, g1 gc, windows-amd64)
# No core dump will be written. Minidumps are not enabled by default on client versions of Windows
#

---------------  S U M M A R Y ------------

Command Line: -Dfile.encoding=Cp1252 --module-path=C:\Users\Default User.DESKTOP-9JB0E7L\Downloads\openjfx-11.0.2_windows-x64_bin-sdk\javafx-sdk-11.0.2\lib\javafx.base.jar;C:\Users\Default User.DESKTOP-9JB0E7L\Downloads\openjfx-11.0.2_windows-x64_bin-sdk\javafx-sdk-11.0.2\lib\javafx.controls.jar;C:\Users\Default User.DESKTOP-9JB0E7L\Downloads\openjfx-11.0.2_windows-x64_bin-sdk\javafx-sdk-11.0.2\lib\javafx.fxml.jar;C:\Users\Default User.DESKTOP-9JB0E7L\Downloads\openjfx-11.0.2_windows-x64_bin-sdk\javafx-sdk-11.0.2\lib\javafx.graphics.jar;C:\Users\Default User.DESKTOP-9JB0E7L\Downloads\openjfx-11.0.2_windows-x64_bin-sdk\javafx-sdk-11.0.2\lib\javafx.media.jar;C:\Users\Default User.DESKTOP-9JB0E7L\Downloads\openjfx-11.0.2_windows-x64_bin-sdk\javafx-sdk-11.0.2\lib\javafx.swing.jar;C:\Users\Default User.DESKTOP-9JB0E7L\Downloads\openjfx-11.0.2_windows-x64_bin-sdk\javafx-sdk-11.0.2\lib\javafx.web.jar;C:\Users\Default User.DESKTOP-9JB0E7L\Downloads\openjfx-11.0.2_windows-x64_bin-sdk\javafx-sdk-11.0.2\lib\javafx-swt.jar;C:\Users\Default User.DESKTOP-9JB0E7L\Desktop\eclipse\CW2-Diamond-Hunter\Map-Viewer\bin -Djdk.module.main=MapViewerMain MapViewerMain/MapViewerMain.Main

Host: Intel(R) Core(TM) i7-4510U CPU @ 2.00GHz, 4 cores, 7G,  Windows 10 , 64 bit Build 17134 (10.0.17134.1)
Time: Fri Nov 29 14:34:47 2019  elapsed time: 0 seconds (0d 0h 0m 0s)

---------------  T H R E A D  ---------------

Current thread (0x000001ed8a369000):  JavaThread "Unknown thread" [_thread_in_vm, id=16440, stack(0x0000005abd400000,0x0000005abd500000)]

Stack: [0x0000005abd400000,0x0000005abd500000]
Native frames: (J=compiled Java code, j=interpreted, Vv=VM code, C=native code)
V  [jvm.dll+0x63574a]
V  [jvm.dll+0x77326f]
V  [jvm.dll+0x77491a]
V  [jvm.dll+0x774fd3]
V  [jvm.dll+0x25e418]
V  [jvm.dll+0x632c0a]
V  [jvm.dll+0x627645]
V  [jvm.dll+0x314e7c]
V  [jvm.dll+0x314d02]
V  [jvm.dll+0x31a576]
V  [jvm.dll+0x36635f]
V  [jvm.dll+0x365d80]
V  [jvm.dll+0x2f19f8]
V  [jvm.dll+0x2f2b56]
V  [jvm.dll+0x74c817]
V  [jvm.dll+0x74df5f]
V  [jvm.dll+0x373179]
V  [jvm.dll+0x732eb9]
V  [jvm.dll+0x3e295d]
V  [jvm.dll+0x3e4c61]
C  [javaw.exe+0x3617]
C  [javaw.exe+0x17e2c]
C  [KERNEL32.DLL+0x13034]
C  [ntdll.dll+0x71551]


---------------  P R O C E S S  ---------------

Threads class SMR info:
_java_thread_list=0x000001ed881f5f20, length=0, elements={
}

Java Threads: ( => current thread )

Other Threads:
  0x000001ed8a37b000 GCTaskThread "GC Thread#0" [stack: 0x0000005abd600000,0x0000005abd700000] [id=18396]
  0x000001ed8a3a9800 ConcurrentGCThread "G1 Main Marker" [stack: 0x0000005abd700000,0x0000005abd800000] [id=18056]
  0x000001ed8a3ac000 ConcurrentGCThread "G1 Conc#0" [stack: 0x0000005abd800000,0x0000005abd900000] [id=9368]

[error occurred during error reporting (printing all threads), id 0xc0000005, EXCEPTION_ACCESS_VIOLATION (0xc0000005) at pc=0x00007fff3ba60197]

VM state:not at safepoint (not fully initialized)

VM Mutex/Monitor currently owned by a thread:  ([mutex/lock_event])
[0x000001ed8a365ed0] Heap_lock - owner thread: 0x000001ed8a369000

Heap address: 0x0000000081200000, size: 2030 MB, Compressed Oops mode: Non-zero based: 0x0000000081200000
Narrow klass base: 0x0000000000000000, Narrow klass shift: 0

GC Heap History (0 events):
No events

Deoptimization events (0 events):
No events

Classes redefined (0 events):
No events

Internal exceptions (0 events):
No events

Events (0 events):
No events


Dynamic libraries:
0x00007ff75af50000 - 0x00007ff75af97000 	C:\Program Files\Java\jdk-11.0.2\bin\javaw.exe
0x00007fff7bce0000 - 0x00007fff7bec1000 	C:\Windows\SYSTEM32\ntdll.dll
0x00007fff7b350000 - 0x00007fff7b402000 	C:\Windows\System32\KERNEL32.DLL
0x00007fff78630000 - 0x00007fff788a3000 	C:\Windows\System32\KERNELBASE.dll
0x00007fff79170000 - 0x00007fff79211000 	C:\Windows\System32\ADVAPI32.dll
0x00007fff7bc10000 - 0x00007fff7bcae000 	C:\Windows\System32\msvcrt.dll
0x00007fff7b920000 - 0x00007fff7b97b000 	C:\Windows\System32\sechost.dll
0x00007fff7b980000 - 0x00007fff7baa4000 	C:\Windows\System32\RPCRT4.dll
0x00007fff7b0a0000 - 0x00007fff7b230000 	C:\Windows\System32\USER32.dll
0x00007fff78110000 - 0x00007fff78130000 	C:\Windows\System32\win32u.dll
0x00007fff7b230000 - 0x00007fff7b258000 	C:\Windows\System32\GDI32.dll
0x00007fff781b0000 - 0x00007fff78342000 	C:\Windows\System32\gdi32full.dll
0x00007fff78590000 - 0x00007fff7862f000 	C:\Windows\System32\msvcp_win.dll
0x00007fff788b0000 - 0x00007fff789aa000 	C:\Windows\System32\ucrtbase.dll
0x00007fff6f680000 - 0x00007fff6f8e9000 	C:\Windows\WinSxS\amd64_microsoft.windows.common-controls_6595b64144ccf1df_6.0.17134.1_none_e4da93291059d8fb\COMCTL32.dll
0x00007fff7b410000 - 0x00007fff7b733000 	C:\Windows\System32\combase.dll
0x00007fff78130000 - 0x00007fff781aa000 	C:\Windows\System32\bcryptPrimitives.dll
0x00007fff73ed0000 - 0x00007fff73eda000 	C:\Windows\SYSTEM32\VERSION.dll
0x00007fff7ac90000 - 0x00007fff7acbd000 	C:\Windows\System32\IMM32.DLL
0x00007fff703d0000 - 0x00007fff703e6000 	C:\Program Files\Java\jdk-11.0.2\bin\vcruntime140.dll
0x00007fff53be0000 - 0x00007fff53c8a000 	C:\Program Files\Java\jdk-11.0.2\bin\msvcp140.dll
0x00007fff3b760000 - 0x00007fff3c287000 	C:\Program Files\Java\jdk-11.0.2\bin\server\jvm.dll
0x00007fff79280000 - 0x00007fff79288000 	C:\Windows\System32\PSAPI.DLL
0x00007fff705b0000 - 0x00007fff705b9000 	C:\Windows\SYSTEM32\WSOCK32.dll
0x00007fff7ae70000 - 0x00007fff7aedc000 	C:\Windows\System32\WS2_32.dll
0x00007fff70ad0000 - 0x00007fff70af3000 	C:\Windows\SYSTEM32\WINMM.dll
0x00007fff70aa0000 - 0x00007fff70aca000 	C:\Windows\SYSTEM32\WINMMBASE.dll
0x00007fff78350000 - 0x00007fff78399000 	C:\Windows\System32\cfgmgr32.dll
0x00007fff78090000 - 0x00007fff780a1000 	C:\Windows\System32\kernel.appcore.dll
0x00007fff53bc0000 - 0x00007fff53bd1000 	C:\Program Files\Java\jdk-11.0.2\bin\verify.dll
0x00007fff6aae0000 - 0x00007fff6aca9000 	C:\Windows\SYSTEM32\DBGHELP.DLL
0x00007fff6bf40000 - 0x00007fff6bf69000 	C:\Windows\SYSTEM32\dbgcore.DLL
0x00007fff53b90000 - 0x00007fff53bb9000 	C:\Program Files\Java\jdk-11.0.2\bin\java.dll
0x00007fff53b70000 - 0x00007fff53b86000 	C:\Program Files\Java\jdk-11.0.2\bin\zip.dll
0x00007fff70130000 - 0x00007fff7013a000 	C:\Program Files\Java\jdk-11.0.2\bin\jimage.dll

dbghelp: loaded successfully - version: 4.0.5 - missing functions: none
symbol engine: initialized successfully - sym options: 0x614 - pdb path: .;C:\Program Files\Java\jdk-11.0.2\bin;C:\Windows\SYSTEM32;C:\Windows\WinSxS\amd64_microsoft.windows.common-controls_6595b64144ccf1df_6.0.17134.1_none_e4da93291059d8fb;C:\Program Files\Java\jdk-11.0.2\bin\server

VM Arguments:
jvm_args: -Dfile.encoding=Cp1252 --module-path=C:\Users\Default User.DESKTOP-9JB0E7L\Downloads\openjfx-11.0.2_windows-x64_bin-sdk\javafx-sdk-11.0.2\lib\javafx.base.jar;C:\Users\Default User.DESKTOP-9JB0E7L\Downloads\openjfx-11.0.2_windows-x64_bin-sdk\javafx-sdk-11.0.2\lib\javafx.controls.jar;C:\Users\Default User.DESKTOP-9JB0E7L\Downloads\openjfx-11.0.2_windows-x64_bin-sdk\javafx-sdk-11.0.2\lib\javafx.fxml.jar;C:\Users\Default User.DESKTOP-9JB0E7L\Downloads\openjfx-11.0.2_windows-x64_bin-sdk\javafx-sdk-11.0.2\lib\javafx.graphics.jar;C:\Users\Default User.DESKTOP-9JB0E7L\Downloads\openjfx-11.0.2_windows-x64_bin-sdk\javafx-sdk-11.0.2\lib\javafx.media.jar;C:\Users\Default User.DESKTOP-9JB0E7L\Downloads\openjfx-11.0.2_windows-x64_bin-sdk\javafx-sdk-11.0.2\lib\javafx.swing.jar;C:\Users\Default User.DESKTOP-9JB0E7L\Downloads\openjfx-11.0.2_windows-x64_bin-sdk\javafx-sdk-11.0.2\lib\javafx.web.jar;C:\Users\Default User.DESKTOP-9JB0E7L\Downloads\openjfx-11.0.2_windows-x64_bin-sdk\javafx-sdk-11.0.2\lib\javafx-swt.jar;C:\Users\Default User.DESKTOP-9JB0E7L\Desktop\eclipse\CW2-Diamond-Hunter\Map-Viewer\bin -Djdk.module.main=MapViewerMain 
java_command: MapViewerMain/MapViewerMain.Main
java_class_path (initial): <not set>
Launcher Type: SUN_STANDARD

[Global flags]
     intx CICompilerCount                          = 3                                         {product} {ergonomic}
     uint ConcGCThreads                            = 1                                         {product} {ergonomic}
     uint G1ConcRefinementThreads                  = 4                                         {product} {ergonomic}
   size_t G1HeapRegionSize                         = 1048576                                   {product} {ergonomic}
    uintx GCDrainStackTargetSize                   = 64                                        {product} {ergonomic}
   size_t InitialHeapSize                          = 134217728                                 {product} {ergonomic}
   size_t MarkStackSize                            = 4194304                                   {product} {ergonomic}
   size_t MaxHeapSize                              = 2128609280                                {product} {ergonomic}
   size_t MinHeapDeltaBytes                        = 1048576                                   {product} {ergonomic}
    uintx NonNMethodCodeHeapSize                   = 5830092                                {pd product} {ergonomic}
    uintx NonProfiledCodeHeapSize                  = 122914074                              {pd product} {ergonomic}
    uintx ProfiledCodeHeapSize                     = 122914074                              {pd product} {ergonomic}
    uintx ReservedCodeCacheSize                    = 251658240                              {pd product} {ergonomic}
     bool SegmentedCodeCache                       = true                                      {product} {ergonomic}
     bool UseCompressedClassPointers               = true                                 {lp64_product} {ergonomic}
     bool UseCompressedOops                        = true                                 {lp64_product} {ergonomic}
     bool UseG1GC                                  = true                                      {product} {ergonomic}
     bool UseLargePagesIndividualAllocation        = false                                  {pd product} {ergonomic}

Logging:
Log output configuration:
 #0: stdout all=warning uptime,level,tags
 #1: stderr all=off uptime,level,tags

Environment Variables:
JAVA_HOME=C:\Program Files\Java\jdk-11.0.2
PATH=C:/Program Files/Java/jre1.8.0_231/bin/server;C:/Program Files/Java/jre1.8.0_231/bin;C:/Program Files/Java/jre1.8.0_231/lib/amd64;C:\Program Files (x86)\Common Files\Oracle\Java\javapath;C:\Program Files\Java\jdk-11.0.2;";C:\Users\Default User.DESKTOP-9JB0E7L";";C:\Users\Default User.DESKTOP-9JB0E7L\Desktop";C:\Users\Default User.DESKTOP-9JB0E7L\AppData\Local\Programs\Python\Python37\Lib;"%PY_HOME%;%PY_HOME%\Lib;%PY_HOME%\DLLs;%PY_HOME%\Lib\lib-tk";C:\Program Files\Git\cmd;C:\Program Files\Java\jdk-11.0.2\bin;;C:\Program Files\NVIDIA Corporation\NVIDIA NvDLISR;C:\Program Files (x86)\NVIDIA Corporation\PhysX\Common;C:\Users\Default User.DESKTOP-9JB0E7L\AppData\Local\Programs\Python\Python37\Scripts\;C:\Users\Default User.DESKTOP-9JB0E7L\AppData\Local\Programs\Python\Python37\;";C:\Users\Default User.DESKTOP-9JB0E7L";";C:\Users\Default User.DESKTOP-9JB0E7L\Desktop";C:\Users\Default User.DESKTOP-9JB0E7L\AppData\Local\Programs\Python\Python37\Lib;";C:\Program Files\Java\jdk-11.0.2;";"%PY_HOME%;%PY_HOME%\Lib;%PY_HOME%\DLLs;%PY_HOME%\Lib\lib-tk";;C:\Users\Default User.DESKTOP-9JB0E7L\Desktop\eclipse;
USERNAME=Default User
OS=Windows_NT
PROCESSOR_IDENTIFIER=Intel64 Family 6 Model 69 Stepping 1, GenuineIntel



---------------  S Y S T E M  ---------------

OS: Windows 10 , 64 bit Build 17134 (10.0.17134.1)

CPU:total 4 (initial active 4) (2 cores per cpu, 2 threads per core) family 6 model 69 stepping 1, cmov, cx8, fxsr, mmx, sse, sse2, sse3, ssse3, sse4.1, sse4.2, popcnt, avx, avx2, aes, clmul, erms, lzcnt, ht, tsc, tscinvbit, bmi1, bmi2, fma

Memory: 4k page, system-wide physical 8117M (2019M free)
TotalPageFile size 22357M (AvailPageFile size 92M)
current process WorkingSet (physical memory assigned to process): 9M, peak: 9M
current process commit charge ("private bytes"): 51M, peak: 179M

vm_info: Java HotSpot(TM) 64-Bit Server VM (11.0.2+9-LTS) for windows-amd64 JRE (11.0.2+9-LTS), built on Jan 18 2019 05:24:10 by "mach5one" with MS VC++ 15.5 (VS2017)

END.
